{"C:\\Users\\samir\\Documents\\react-notes\\react-hooks\\src\\hooks\\useCounter.ts": {"path":"C:\\Users\\samir\\Documents\\react-notes\\react-hooks\\src\\hooks\\useCounter.ts","statementMap":{"0":{"start":{"line":8,"column":26},"end":{"line":37,"column":1}},"1":{"start":{"line":14,"column":36},"end":{"line":14,"column":60}},"2":{"start":{"line":16,"column":22},"end":{"line":18,"column":5}},"3":{"start":{"line":17,"column":8},"end":{"line":17,"column":38}},"4":{"start":{"line":20,"column":22},"end":{"line":24,"column":5}},"5":{"start":{"line":21,"column":8},"end":{"line":21,"column":36}},"6":{"start":{"line":21,"column":29},"end":{"line":21,"column":36}},"7":{"start":{"line":23,"column":8},"end":{"line":23,"column":38}},"8":{"start":{"line":26,"column":18},"end":{"line":28,"column":5}},"9":{"start":{"line":27,"column":8},"end":{"line":27,"column":35}},"10":{"start":{"line":30,"column":4},"end":{"line":35,"column":5}}},"fnMap":{"0":{"name":"(anonymous_0)","decl":{"start":{"line":8,"column":26},"end":{"line":8,"column":27}},"loc":{"start":{"line":8,"column":56},"end":{"line":37,"column":1}},"line":8},"1":{"name":"(anonymous_1)","decl":{"start":{"line":16,"column":22},"end":{"line":16,"column":23}},"loc":{"start":{"line":16,"column":39},"end":{"line":18,"column":5}},"line":16},"2":{"name":"(anonymous_2)","decl":{"start":{"line":20,"column":22},"end":{"line":20,"column":23}},"loc":{"start":{"line":20,"column":39},"end":{"line":24,"column":5}},"line":20},"3":{"name":"(anonymous_3)","decl":{"start":{"line":26,"column":18},"end":{"line":26,"column":19}},"loc":{"start":{"line":26,"column":24},"end":{"line":28,"column":5}},"line":26}},"branchMap":{"0":{"loc":{"start":{"line":16,"column":24},"end":{"line":16,"column":33}},"type":"default-arg","locations":[{"start":{"line":16,"column":32},"end":{"line":16,"column":33}}],"line":16},"1":{"loc":{"start":{"line":20,"column":24},"end":{"line":20,"column":33}},"type":"default-arg","locations":[{"start":{"line":20,"column":32},"end":{"line":20,"column":33}}],"line":20},"2":{"loc":{"start":{"line":21,"column":8},"end":{"line":21,"column":36}},"type":"if","locations":[{"start":{"line":21,"column":8},"end":{"line":21,"column":36}},{"start":{},"end":{}}],"line":21}},"s":{"0":1,"1":8,"2":8,"3":2,"4":8,"5":2,"6":0,"7":2,"8":8,"9":1,"10":8},"f":{"0":8,"1":2,"2":2,"3":1},"b":{"0":[1],"1":[0],"2":[0,2]},"_coverageSchema":"1a1c01bbd47fc00a2c39e90264f33305004495a9","hash":"fd2f415edc0620fdf56d4c4ff9969f836ea407f0"}
}
