{"C:\\Users\\samir\\Documents\\react-notes\\app-practique-course\\gif-app\\src\\components\\GifItem.tsx": {"path":"C:\\Users\\samir\\Documents\\react-notes\\app-practique-course\\gif-app\\src\\components\\GifItem.tsx","statementMap":{"0":{"start":{"line":10,"column":23},"end":{"line":18,"column":1}},"1":{"start":{"line":12,"column":2},"end":{"line":17,"column":3}}},"fnMap":{"0":{"name":"(anonymous_0)","decl":{"start":{"line":10,"column":23},"end":{"line":10,"column":24}},"loc":{"start":{"line":10,"column":59},"end":{"line":18,"column":1}},"line":10}},"branchMap":{},"s":{"0":1,"1":2},"f":{"0":2},"b":{},"_coverageSchema":"1a1c01bbd47fc00a2c39e90264f33305004495a9","hash":"d7e86a28c3240a554d6c40b73b3d85276a1e2742"}
}
