TN:
SF:src\components\AddCategory.tsx
FN:4,(anonymous_0)
FNF:1
FNH:1
FNDA:2,(anonymous_0)
DA:4,1
DA:5,2
DA:7,2
LF:3
LH:3
BRF:0
BRH:0
end_of_record
TN:
SF:src\components\GifItem.tsx
FN:10,(anonymous_0)
FNF:1
FNH:1
FNDA:1,(anonymous_0)
DA:10,1
DA:12,1
LF:2
LH:2
BRF:0
BRH:0
end_of_record
TN:
SF:src\helpers\getGifs.ts
FN:4,(anonymous_0)
FN:11,(anonymous_1)
FNF:2
FNH:2
FNDA:1,(anonymous_0)
FNDA:10,(anonymous_1)
DA:4,1
DA:5,1
DA:8,1
DA:9,1
DA:11,1
DA:12,10
DA:13,10
DA:20,1
LF:8
LH:8
BRF:0
BRH:0
end_of_record
TN:
SF:src\hooks\useInput.ts
FN:5,(anonymous_0)
FN:8,(anonymous_1)
FN:12,(anonymous_2)
FNF:3
FNH:2
FNDA:2,(anonymous_0)
FNDA:1,(anonymous_1)
FNDA:0,(anonymous_2)
DA:5,1
DA:6,2
DA:8,2
DA:9,1
DA:12,2
DA:13,0
DA:14,0
DA:15,0
DA:16,0
DA:19,2
LF:10
LH:6
BRDA:14,0,0,0
BRDA:14,0,1,0
BRF:2
BRH:0
end_of_record
